<?xml version="1.0" encoding="UTF-8"?>
<testng-results ignored="0" total="1" passed="1" failed="0" skipped="0">
  <reporter-output>
  </reporter-output>
  <suite started-at="2023-07-20T17:07:24 IST" name="Default suite" finished-at="2023-07-20T17:07:53 IST" duration-ms="28301">
    <groups>
    </groups>
    <test started-at="2023-07-20T17:07:24 IST" name="Default test" finished-at="2023-07-20T17:07:53 IST" duration-ms="28301">
      <class name="in.redbus.testscripts.BookTicketTest">
        <test-method is-config="true" signature="lauchApp()[pri:0, instance:in.redbus.testscripts.BookTicketTest@54c5a2ff]" started-at="2023-07-20T17:07:24 IST" name="lauchApp" finished-at="2023-07-20T17:07:29 IST" duration-ms="4800" status="PASS">
          <reporter-output>
          </reporter-output>
        </test-method> <!-- lauchApp -->
        <test-method signature="bookTicket()[pri:0, instance:in.redbus.testscripts.BookTicketTest@54c5a2ff]" started-at="2023-07-20T17:07:29 IST" name="bookTicket" finished-at="2023-07-20T17:07:53 IST" duration-ms="23468" status="PASS">
          <reporter-output>
          </reporter-output>
        </test-method> <!-- bookTicket -->
        <test-method is-config="true" signature="closeBrowser()[pri:0, instance:in.redbus.testscripts.BookTicketTest@54c5a2ff]" started-at="2023-07-20T17:07:53 IST" name="closeBrowser" finished-at="2023-07-20T17:07:53 IST" duration-ms="0" status="PASS">
          <reporter-output>
          </reporter-output>
        </test-method> <!-- closeBrowser -->
      </class> <!-- in.redbus.testscripts.BookTicketTest -->
    </test> <!-- Default test -->
  </suite> <!-- Default suite -->
</testng-results>
