<?xml version="1.0" encoding="UTF-8"?>
<!-- Generated by org.testng.reporters.JUnitXMLReporter -->
<testsuite ignored="0" hostname="LAPTOP-MVDCCP5B" failures="1" tests="1" name="Surefire test" time="6.062" errors="0" timestamp="2023-07-19T18:32:53 IST">
  <testcase classname="in.redbus.testscripts.BookTicketTest" name="bookTicket" time="0.002">
    <failure type="java.lang.NullPointerException" message="Cannot invoke &amp;quot;org.openqa.selenium.WebElement.click()&amp;quot; because &amp;quot;this.mobiles&amp;quot; is null">
      <![CDATA[java.lang.NullPointerException: Cannot invoke "org.openqa.selenium.WebElement.click()" because "this.mobiles" is null
at in.redbus.pages.LandingPage.selectFromLocation(LandingPage.java:14)
at in.redbus.testscripts.BookTicketTest.bookTicket(BookTicketTest.java:31)
at java.base/java.util.ArrayList.forEach(ArrayList.java:1511)
... Removed 32 stack frames]]>
    </failure>
  </testcase> <!-- bookTicket -->
</testsuite> <!-- Surefire test -->
