<?xml version="1.0" encoding="UTF-8"?>
<testng-results ignored="0" total="1" passed="1" failed="0" skipped="0">
  <reporter-output>
  </reporter-output>
  <suite started-at="2023-07-21T11:56:26 IST" name="Default suite" finished-at="2023-07-21T11:56:28 IST" duration-ms="2434">
    <groups>
    </groups>
    <test started-at="2023-07-21T11:56:26 IST" name="Default test" finished-at="2023-07-21T11:56:28 IST" duration-ms="2434">
      <class name="com.simplilearn.testscripts.CourseDetailsTest">
        <test-method is-config="true" signature="lauchApp()[pri:0, instance:com.simplilearn.testscripts.CourseDetailsTest@1ed4ae0f]" started-at="2023-07-21T11:56:26 IST" name="lauchApp" finished-at="2023-07-21T11:56:28 IST" duration-ms="2269" status="PASS">
          <reporter-output>
          </reporter-output>
        </test-method> <!-- lauchApp -->
        <test-method signature="courseDetails()[pri:0, instance:com.simplilearn.testscripts.CourseDetailsTest@1ed4ae0f]" started-at="2023-07-21T11:56:28 IST" name="courseDetails" finished-at="2023-07-21T11:56:28 IST" duration-ms="138" status="PASS">
          <reporter-output>
          </reporter-output>
        </test-method> <!-- courseDetails -->
        <test-method is-config="true" signature="closeBrowser()[pri:0, instance:com.simplilearn.testscripts.CourseDetailsTest@1ed4ae0f]" started-at="2023-07-21T11:56:28 IST" name="closeBrowser" finished-at="2023-07-21T11:56:28 IST" duration-ms="0" status="PASS">
          <reporter-output>
          </reporter-output>
        </test-method> <!-- closeBrowser -->
      </class> <!-- com.simplilearn.testscripts.CourseDetailsTest -->
    </test> <!-- Default test -->
  </suite> <!-- Default suite -->
</testng-results>
