<?xml version="1.0" encoding="UTF-8"?>
<testng-results ignored="0" total="1" passed="1" failed="0" skipped="0">
  <reporter-output>
  </reporter-output>
  <suite started-at="2023-07-25T13:10:18 IST" name="Default suite" finished-at="2023-07-25T13:10:22 IST" duration-ms="4636">
    <groups>
    </groups>
    <test started-at="2023-07-25T13:10:18 IST" name="Default test" finished-at="2023-07-25T13:10:22 IST" duration-ms="4636">
      <class name="sauceDemoTestScripts.loginDetailsTest">
        <test-method is-config="true" signature="LauchApp()[pri:0, instance:sauceDemoTestScripts.loginDetailsTest@6e9175d8]" started-at="2023-07-25T13:10:18 IST" name="LauchApp" finished-at="2023-07-25T13:10:21 IST" duration-ms="3478" status="PASS">
          <reporter-output>
          </reporter-output>
        </test-method> <!-- LauchApp -->
        <test-method signature="BuyItem()[pri:0, instance:sauceDemoTestScripts.loginDetailsTest@6e9175d8]" started-at="2023-07-25T13:10:21 IST" name="BuyItem" finished-at="2023-07-25T13:10:22 IST" duration-ms="1096" status="PASS">
          <reporter-output>
          </reporter-output>
        </test-method> <!-- BuyItem -->
        <test-method is-config="true" signature="CloseApp()[pri:0, instance:sauceDemoTestScripts.loginDetailsTest@6e9175d8]" started-at="2023-07-25T13:10:22 IST" name="CloseApp" finished-at="2023-07-25T13:10:22 IST" duration-ms="0" status="PASS">
          <reporter-output>
          </reporter-output>
        </test-method> <!-- CloseApp -->
      </class> <!-- sauceDemoTestScripts.loginDetailsTest -->
    </test> <!-- Default test -->
  </suite> <!-- Default suite -->
</testng-results>
